Using pre-set license
Built from '2020.2/staging' branch; Version is '2020.2.0b4 (7b778e331e0b) revision 8091534'; Using compiler version '192528614'; Build Type 'Release'
OS: 'Windows 10  (10.0.0) 64bit' Language: 'en' Physical Memory: 12232 MB
BatchMode: 1, IsHumanControllingUs: 0, StartBugReporterOnCrash: 0, Is64bit: 1, IsPro: 0

 COMMAND LINE ARGUMENTS:
C:\Program Files\Unity\Hub\Editor\2020.2.0b4\Editor\Unity.exe
-adb2
-batchMode
-noUpm
-name
AssetImportWorker0
-projectPath
C:/Neurogears/EyeProjectV2
-logFile
Logs/AssetImportWorker0.log
-srvPort
59220
Successfully changed project path to: C:/Neurogears/EyeProjectV2
C:/Neurogears/EyeProjectV2
Using Asset Import Pipeline V2.
Refreshing native plugins compatible for Editor in 42.18 ms, found 0 plugins.
Preloading 0 native plugins for Editor in 0.00 ms.
Initialize engine version: 2020.2.0b4 (7b778e331e0b)
[Subsystems] Discovering subsystems at path C:/Program Files/Unity/Hub/Editor/2020.2.0b4/Editor/Data/Resources/UnitySubsystems
[Subsystems] Discovering subsystems at path C:/Neurogears/EyeProjectV2/Assets
GfxDevice: creating device client; threaded=0
Direct3D:
    Version:  Direct3D 11.0 [level 11.1]
    Renderer: NVIDIA GeForce GTX 1060 3GB (ID=0x1c02)
    Vendor:   
    VRAM:     2988 MB
    Driver:   26.21.14.4187
Initialize mono
Mono path[0] = 'C:/Program Files/Unity/Hub/Editor/2020.2.0b4/Editor/Data/Managed'
Mono path[1] = 'C:/Program Files/Unity/Hub/Editor/2020.2.0b4/Editor/Data/MonoBleedingEdge/lib/mono/unityjit'
Mono config path = 'C:/Program Files/Unity/Hub/Editor/2020.2.0b4/Editor/Data/MonoBleedingEdge/etc'
Using monoOptions --debugger-agent=transport=dt_socket,embedding=1,server=y,suspend=n,address=127.0.0.1:56968
Begin MonoManager ReloadAssembly
Registering precompiled unity dll's ...
Register platform support module: C:/Program Files/Unity/Hub/Editor/2020.2.0b4/Editor/Data/PlaybackEngines/WebGLSupport/UnityEditor.WebGL.Extensions.dll
Register platform support module: C:/Program Files/Unity/Hub/Editor/2020.2.0b4/Editor/Data/PlaybackEngines/WindowsStandaloneSupport/UnityEditor.WindowsStandalone.Extensions.dll
Registered in 0.002709 seconds.
Native extension for WindowsStandalone target not found
Native extension for WebGL target not found
Refreshing native plugins compatible for Editor in 36.65 ms, found 0 plugins.
Preloading 0 native plugins for Editor in 0.00 ms.
Invoked RoslynAnalysisRunner static constructor.
RoslynAnalysisRunner will not be running.
RoslynAnalysisRunner has terminated.
Mono: successfully reloaded assembly
- Completed reload, in  2.066 seconds
Platform modules already initialized, skipping
Registering precompiled user dll's ...
Registered in 0.000837 seconds.
Begin MonoManager ReloadAssembly
Symbol file LoadedFromMemory doesn't match image C:\Neurogears\EyeProjectV2\Library\PackageCache\com.unity.ext.nunit@1.0.0\net35\unity-custom\nunit.framework.dll
Native extension for WindowsStandalone target not found
Native extension for WebGL target not found
Refreshing native plugins compatible for Editor in 0.27 ms, found 0 plugins.
Preloading 0 native plugins for Editor in 0.00 ms.
Invoked RoslynAnalysisRunner static constructor.
RoslynAnalysisRunner will not be running.
RoslynAnalysisRunner has terminated.
Mono: successfully reloaded assembly
- Completed reload, in  1.247 seconds
Platform modules already initialized, skipping
========================================================================
Worker process is ready to serve import requests
Launched and connected shader compiler UnityShaderCompiler.exe after 0.05 seconds
Refreshing native plugins compatible for Editor in 0.23 ms, found 0 plugins.
Preloading 0 native plugins for Editor in 0.00 ms.
Unloading 1070 Unused Serialized files (Serialized files now loaded: 0)
System memory in use before: 57.1 MB.
System memory in use after: 57.2 MB.

Unloading 9 unused Assets to reduce memory usage. Loaded Objects now: 1513.
Total: 1.891100 ms (FindLiveObjects: 0.294100 ms CreateObjectMapping: 0.044500 ms MarkObjects: 1.489500 ms  DeleteObjects: 0.061800 ms)

========================================================================
Received Import Request.
  path: Assets/Material/EyeMat.mat
  artifactKey: Guid(a1446745b051cc94c9fab7d786a1a11a) Importer(815301076,1909f56bfc062723c751e8b465ee728b)
Start importing Assets/Material/EyeMat.mat using Guid(a1446745b051cc94c9fab7d786a1a11a) Importer(815301076,1909f56bfc062723c751e8b465ee728b)  -> (artifact id: 'bc01f09147f0d2e9eb6b242825091e4e') in 0.299965 seconds
  Import took 0.303074 seconds .

========================================================================
Received Import Request.
  Time since last request: 0.000335 seconds.
  path: Assets/Material/VideoMat.mat
  artifactKey: Guid(ea80f2837ef40cf4faef603f7680abc8) Importer(815301076,1909f56bfc062723c751e8b465ee728b)
Start importing Assets/Material/VideoMat.mat using Guid(ea80f2837ef40cf4faef603f7680abc8) Importer(815301076,1909f56bfc062723c751e8b465ee728b)  -> (artifact id: '96274a575b4fe591f514864afe252b80') in 0.021406 seconds
  Import took 0.023536 seconds .

========================================================================
Received Prepare
Refreshing native plugins compatible for Editor in 1.19 ms, found 0 plugins.
Preloading 0 native plugins for Editor in 0.00 ms.
Unloading 3 Unused Serialized files (Serialized files now loaded: 0)
System memory in use before: 39.4 MB.
System memory in use after: 39.5 MB.

Unloading 2 unused Assets to reduce memory usage. Loaded Objects now: 1553.
Total: 2.105900 ms (FindLiveObjects: 0.290100 ms CreateObjectMapping: 0.043500 ms MarkObjects: 1.757900 ms  DeleteObjects: 0.013100 ms)

